<?xml version="1.0" encoding="UTF-8"?>
<!-- Generated by org.testng.reporters.JUnitReportReporter -->
<testsuite hostname="Trushant" failures="0" tests="1" name="testClass.VerifyPage1" time="30.608" errors="0" timestamp="2022-10-27T09:58:28 IST" skipped="0">
  <testcase classname="testClass.VerifyPage1" name="verifyPage1Functionality" time="30.608"/>
  <system-out/>
</testsuite> <!-- testClass.VerifyPage1 -->
