<?xml version="1.0" encoding="UTF-8"?>
<!-- Generated by org.testng.reporters.JUnitReportReporter -->
<testsuite hostname="DESKTOP-Q72O4I0" failures="0" tests="1" name="testClass.VerifyPage1" time="30.572" errors="0" timestamp="2022-10-29T11:27:04 IST" skipped="0">
  <testcase classname="testClass.VerifyPage1" name="verifyPage1Functionality" time="30.572"/>
  <system-out/>
</testsuite> <!-- testClass.VerifyPage1 -->
